<?xml version="1.0" encoding="UTF-8"?>
<!-- Generated by org.testng.reporters.JUnitXMLReporter -->
<testsuite ignored="0" hostname="LAPTOP-R6HH0JS3" failures="1" tests="1" name="Test" time="4.641" errors="0" timestamp="2026-02-09T01:08:39 IST">
  <testcase classname="testcases.LoginApplication" name="LginWithValiddetails" time="0.014">
    <failure type="java.lang.NoSuchMethodError" message="&amp;apos;java.lang.String org.testng.ITestResult.id()&amp;apos;">
      <![CDATA[java.lang.NoSuchMethodError: 'java.lang.String org.testng.ITestResult.id()'
at com.aventstack.chaintest.plugins.ChainTestListener.beforeInvocation(ChainTestListener.java:107)
at java.base/java.util.ArrayList.forEach(ArrayList.java:1511)
... Removed 24 stack frames]]>
    </failure>
  </testcase> <!-- LginWithValiddetails -->
</testsuite> <!-- Test -->
